<?xml version="1.0" encoding="UTF-8"?>
<!-- Generated by org.testng.reporters.JUnitXMLReporter -->
<testsuite ignored="2" hostname="HPCompaq6300-Melli11" failures="0" tests="1" name="Default test" time="0.834" errors="0" timestamp="2023-05-16T16:02:07 ART">
  <testcase classname="pruebas.SauceDemoTest" name="agregarTodosLosItems" time="0.789"/>
  <testcase classname="pruebas.SauceDemoTest" name="agregarItem" time="0.0">
    <ignored/>
  </testcase> <!-- agregarItem -->
  <testcase classname="pruebas.SauceDemoTest" name="iniciarSesion" time="0.0">
    <ignored/>
  </testcase> <!-- iniciarSesion -->
</testsuite> <!-- Default test -->
