<?xml version="1.0" encoding="UTF-8"?>
<!-- Generated by org.testng.reporters.JUnitXMLReporter -->
<testsuite ignored="5" hostname="HPCompaq6300-Melli11" failures="0" tests="1" name="Default test" time="0.969" errors="0" timestamp="2023-06-11T00:43:13 ART">
  <testcase classname="pruebas.SauceDemoTest" name="ordenarProductosPorOrdenAlfInverso" time="0.905"/>
  <testcase classname="pruebas.SauceDemoTest" name="agregarTodosLosItems" time="0.0">
    <ignored/>
  </testcase> <!-- agregarTodosLosItems -->
  <testcase classname="pruebas.SauceDemoTest" name="ordenarProductosPorOrdenAlf" time="0.0">
    <ignored/>
  </testcase> <!-- ordenarProductosPorOrdenAlf -->
  <testcase classname="pruebas.SauceDemoTest" name="realizarCompra" time="0.0">
    <ignored/>
  </testcase> <!-- realizarCompra -->
  <testcase classname="pruebas.SauceDemoTest" name="agregarItem" time="0.0">
    <ignored/>
  </testcase> <!-- agregarItem -->
  <testcase classname="pruebas.SauceDemoTest" name="iniciarYCerrarSesion" time="0.0">
    <ignored/>
  </testcase> <!-- iniciarYCerrarSesion -->
</testsuite> <!-- Default test -->
