<?xml version="1.0" encoding="UTF-8"?>
<!-- Generated by org.testng.reporters.JUnitXMLReporter -->
<testsuite ignored="0" hostname="HPCompaq6300-Melli11" failures="0" tests="4" name="PruebaEnEdge" time="2.993" errors="0" timestamp="2023-05-29T19:31:59 ART">
  <testcase classname="pruebas.SauceDemoTest" name="agregarItem" time="0.0">
    <skipped/>
  </testcase> <!-- agregarItem -->
  <testcase classname="pruebas.SauceDemoTest" name="agregarTodosLosItems" time="0.0">
    <skipped/>
  </testcase> <!-- agregarTodosLosItems -->
  <testcase classname="pruebas.SauceDemoTest" name="iniciarSesion" time="0.0">
    <skipped/>
  </testcase> <!-- iniciarSesion -->
  <testcase classname="pruebas.SauceDemoTest" name="realizarCompra" time="0.002">
    <skipped/>
  </testcase> <!-- realizarCompra -->
</testsuite> <!-- PruebaEnEdge -->
