<?xml version="1.0" encoding="UTF-8"?>
<!-- Generated by org.testng.reporters.JUnitXMLReporter -->
<testsuite ignored="0" hostname="HPCompaq6300-Melli11" failures="0" tests="7" name="PruebaEnEdge" time="17.151" errors="0" timestamp="2023-06-07T01:43:34 ART">
  <testcase classname="pruebas.SauceDemoTest" name="agregarItem" time="0.0">
    <skipped/>
  </testcase> <!-- agregarItem -->
  <testcase classname="pruebas.SauceDemoTest" name="agregarTodosLosItems" time="0.001">
    <skipped/>
  </testcase> <!-- agregarTodosLosItems -->
  <testcase classname="pruebas.SauceDemoTest" name="iniciarYCerrarSesion" time="0.0">
    <skipped/>
  </testcase> <!-- iniciarYCerrarSesion -->
  <testcase classname="pruebas.SauceDemoTest" name="iniciarYCerrarSesion" time="0.0">
    <skipped/>
  </testcase> <!-- iniciarYCerrarSesion -->
  <testcase classname="pruebas.SauceDemoTest" name="iniciarYCerrarSesion" time="0.0">
    <skipped/>
  </testcase> <!-- iniciarYCerrarSesion -->
  <testcase classname="pruebas.SauceDemoTest" name="iniciarYCerrarSesion" time="0.0">
    <skipped/>
  </testcase> <!-- iniciarYCerrarSesion -->
  <testcase classname="pruebas.SauceDemoTest" name="realizarCompra" time="0.0">
    <skipped/>
  </testcase> <!-- realizarCompra -->
</testsuite> <!-- PruebaEnEdge -->
