<?xml version="1.0" encoding="UTF-8"?>
<testng-results ignored="3" total="4" passed="1" failed="0" skipped="0">
  <reporter-output>
  </reporter-output>
  <suite started-at="2023-06-07T01:27:16 ART" name="Default suite" finished-at="2023-06-07T01:27:29 ART" duration-ms="13034">
    <groups>
    </groups>
    <test started-at="2023-06-07T01:27:16 ART" name="Default test" finished-at="2023-06-07T01:27:29 ART" duration-ms="13034">
      <class name="pruebas.SauceDemoTest">
        <test-method is-config="true" signature="setUp()[pri:0, instance:pruebas.SauceDemoTest@5b1669c0]" started-at="2023-06-07T01:27:11 ART" name="setUp" finished-at="2023-06-07T01:27:16 ART" duration-ms="4991" status="PASS">
          <reporter-output>
          </reporter-output>
        </test-method> <!-- setUp -->
        <test-method signature="realizarCompra()[pri:0, instance:pruebas.SauceDemoTest@5b1669c0]" started-at="2023-06-07T01:27:16 ART" name="realizarCompra" finished-at="2023-06-07T01:27:29 ART" duration-ms="12984" status="PASS">
          <reporter-output>
          </reporter-output>
        </test-method> <!-- realizarCompra -->
        <test-method is-config="true" signature="cerrarNavegador()[pri:0, instance:pruebas.SauceDemoTest@5b1669c0]" started-at="2023-06-07T01:27:29 ART" name="cerrarNavegador" finished-at="2023-06-07T01:27:34 ART" duration-ms="5340" status="PASS">
          <reporter-output>
          </reporter-output>
        </test-method> <!-- cerrarNavegador -->
      </class> <!-- pruebas.SauceDemoTest -->
    </test> <!-- Default test -->
  </suite> <!-- Default suite -->
</testng-results>
