<?xml version="1.0" encoding="UTF-8"?>
<testng-results ignored="8" total="9" passed="1" failed="0" skipped="0">
  <reporter-output>
  </reporter-output>
  <suite started-at="2023-06-11T22:25:38 ART" name="Default suite" finished-at="2023-06-11T22:25:38 ART" duration-ms="729">
    <groups>
    </groups>
    <test started-at="2023-06-11T22:25:38 ART" name="Default test" finished-at="2023-06-11T22:25:38 ART" duration-ms="729">
      <class name="pruebas.SauceDemoTest">
        <test-method is-config="true" signature="setUp()[pri:0, instance:pruebas.SauceDemoTest@8f2ef19]" started-at="2023-06-11T22:25:33 ART" name="setUp" finished-at="2023-06-11T22:25:38 ART" duration-ms="4193" status="PASS">
          <reporter-output>
          </reporter-output>
        </test-method> <!-- setUp -->
        <test-method signature="iniciarSesion_fail()[pri:0, instance:pruebas.SauceDemoTest@8f2ef19]" started-at="2023-06-11T22:25:38 ART" name="iniciarSesion_fail" finished-at="2023-06-11T22:25:38 ART" duration-ms="647" status="PASS">
          <reporter-output>
          </reporter-output>
        </test-method> <!-- iniciarSesion_fail -->
        <test-method is-config="true" signature="cerrarNavegador()[pri:0, instance:pruebas.SauceDemoTest@8f2ef19]" started-at="2023-06-11T22:25:38 ART" name="cerrarNavegador" finished-at="2023-06-11T22:25:41 ART" duration-ms="2186" status="PASS">
          <reporter-output>
          </reporter-output>
        </test-method> <!-- cerrarNavegador -->
      </class> <!-- pruebas.SauceDemoTest -->
    </test> <!-- Default test -->
  </suite> <!-- Default suite -->
</testng-results>
